<?xml version="1.0" encoding="UTF-8"?>
<testsuite xmlns:xsi="http://www.w3.org/2001/XMLSchema-instance" xsi:noNamespaceSchemaLocation="https://maven.apache.org/surefire/maven-surefire-plugin/xsd/surefire-test-report.xsd" name="com.whw.AppTest" time="0.003" tests="1" errors="0" skipped="0" failures="0">
  <properties>
    <property name="gopherProxySet" value="false"/>
    <property name="awt.toolkit" value="sun.lwawt.macosx.LWCToolkit"/>
    <property name="file.encoding.pkg" value="sun.io"/>
    <property name="java.specification.version" value="1.8"/>
    <property name="sun.cpu.isalist" value=""/>
    <property name="sun.jnu.encoding" value="UTF-8"/>
    <property name="java.class.path" value="/Users/chenlinya/vsCode/footstones/ft-support/target/test-classes:/Users/chenlinya/vsCode/footstones/ft-support/target/classes:/Users/chenlinya/.m2/repository/junit/junit/3.8.1/junit-3.8.1.jar:/Users/chenlinya/.m2/repository/com/alibaba/druid/1.0.18/druid-1.0.18.jar:/Library/Java/JavaVirtualMachines/jdk1.8.0_171.jdk/Contents/Home/jre/../lib/jconsole.jar:/Library/Java/JavaVirtualMachines/jdk1.8.0_171.jdk/Contents/Home/jre/../lib/tools.jar:/Users/chenlinya/.m2/repository/org/mybatis/spring/boot/mybatis-spring-boot-starter/1.2.0/mybatis-spring-boot-starter-1.2.0.jar:/Users/chenlinya/.m2/repository/org/springframework/boot/spring-boot-starter/2.5.2/spring-boot-starter-2.5.2.jar:/Users/chenlinya/.m2/repository/org/springframework/boot/spring-boot/2.5.2/spring-boot-2.5.2.jar:/Users/chenlinya/.m2/repository/org/springframework/spring-context/5.3.8/spring-context-5.3.8.jar:/Users/chenlinya/.m2/repository/org/springframework/spring-aop/5.3.8/spring-aop-5.3.8.jar:/Users/chenlinya/.m2/repository/org/springframework/spring-expression/5.3.8/spring-expression-5.3.8.jar:/Users/chenlinya/.m2/repository/org/springframework/boot/spring-boot-autoconfigure/2.5.2/spring-boot-autoconfigure-2.5.2.jar:/Users/chenlinya/.m2/repository/org/springframework/boot/spring-boot-starter-logging/2.5.2/spring-boot-starter-logging-2.5.2.jar:/Users/chenlinya/.m2/repository/ch/qos/logback/logback-classic/1.2.3/logback-classic-1.2.3.jar:/Users/chenlinya/.m2/repository/ch/qos/logback/logback-core/1.2.3/logback-core-1.2.3.jar:/Users/chenlinya/.m2/repository/org/apache/logging/log4j/log4j-to-slf4j/2.14.1/log4j-to-slf4j-2.14.1.jar:/Users/chenlinya/.m2/repository/org/apache/logging/log4j/log4j-api/2.14.1/log4j-api-2.14.1.jar:/Users/chenlinya/.m2/repository/org/slf4j/jul-to-slf4j/1.7.31/jul-to-slf4j-1.7.31.jar:/Users/chenlinya/.m2/repository/jakarta/annotation/jakarta.annotation-api/1.3.5/jakarta.annotation-api-1.3.5.jar:/Users/chenlinya/.m2/repository/org/springframework/spring-core/5.3.8/spring-core-5.3.8.jar:/Users/chenlinya/.m2/repository/org/springframework/spring-jcl/5.3.8/spring-jcl-5.3.8.jar:/Users/chenlinya/.m2/repository/org/yaml/snakeyaml/1.28/snakeyaml-1.28.jar:/Users/chenlinya/.m2/repository/org/springframework/boot/spring-boot-starter-jdbc/2.5.2/spring-boot-starter-jdbc-2.5.2.jar:/Users/chenlinya/.m2/repository/com/zaxxer/HikariCP/4.0.3/HikariCP-4.0.3.jar:/Users/chenlinya/.m2/repository/org/slf4j/slf4j-api/1.7.31/slf4j-api-1.7.31.jar:/Users/chenlinya/.m2/repository/org/springframework/spring-jdbc/5.3.8/spring-jdbc-5.3.8.jar:/Users/chenlinya/.m2/repository/org/springframework/spring-beans/5.3.8/spring-beans-5.3.8.jar:/Users/chenlinya/.m2/repository/org/springframework/spring-tx/5.3.8/spring-tx-5.3.8.jar:/Users/chenlinya/.m2/repository/org/mybatis/spring/boot/mybatis-spring-boot-autoconfigure/1.2.0/mybatis-spring-boot-autoconfigure-1.2.0.jar:/Users/chenlinya/.m2/repository/org/mybatis/mybatis/3.4.2/mybatis-3.4.2.jar:/Users/chenlinya/.m2/repository/org/mybatis/mybatis-spring/1.3.1/mybatis-spring-1.3.1.jar:/Users/chenlinya/.m2/repository/mysql/mysql-connector-java/5.1.39/mysql-connector-java-5.1.39.jar:"/>
    <property name="java.vm.vendor" value="Oracle Corporation"/>
    <property name="sun.arch.data.model" value="64"/>
    <property name="java.vendor.url" value="http://java.oracle.com/"/>
    <property name="user.timezone" value=""/>
    <property name="java.vm.specification.version" value="1.8"/>
    <property name="os.name" value="Mac OS X"/>
    <property name="user.country" value="CN"/>
    <property name="sun.java.launcher" value="SUN_STANDARD"/>
    <property name="sun.boot.library.path" value="/Library/Java/JavaVirtualMachines/jdk1.8.0_171.jdk/Contents/Home/jre/lib"/>
    <property name="sun.java.command" value="/Users/chenlinya/vsCode/footstones/ft-support/target/surefire/surefirebooter3160314592618672220.jar /Users/chenlinya/vsCode/footstones/ft-support/target/surefire 2021-09-03T10-52-30_576-jvmRun1 surefire1300489093838365118tmp surefire_05650340970584118301tmp"/>
    <property name="surefire.test.class.path" value="/Users/chenlinya/vsCode/footstones/ft-support/target/test-classes:/Users/chenlinya/vsCode/footstones/ft-support/target/classes:/Users/chenlinya/.m2/repository/junit/junit/3.8.1/junit-3.8.1.jar:/Users/chenlinya/.m2/repository/com/alibaba/druid/1.0.18/druid-1.0.18.jar:/Library/Java/JavaVirtualMachines/jdk1.8.0_171.jdk/Contents/Home/jre/../lib/jconsole.jar:/Library/Java/JavaVirtualMachines/jdk1.8.0_171.jdk/Contents/Home/jre/../lib/tools.jar:/Users/chenlinya/.m2/repository/org/mybatis/spring/boot/mybatis-spring-boot-starter/1.2.0/mybatis-spring-boot-starter-1.2.0.jar:/Users/chenlinya/.m2/repository/org/springframework/boot/spring-boot-starter/2.5.2/spring-boot-starter-2.5.2.jar:/Users/chenlinya/.m2/repository/org/springframework/boot/spring-boot/2.5.2/spring-boot-2.5.2.jar:/Users/chenlinya/.m2/repository/org/springframework/spring-context/5.3.8/spring-context-5.3.8.jar:/Users/chenlinya/.m2/repository/org/springframework/spring-aop/5.3.8/spring-aop-5.3.8.jar:/Users/chenlinya/.m2/repository/org/springframework/spring-expression/5.3.8/spring-expression-5.3.8.jar:/Users/chenlinya/.m2/repository/org/springframework/boot/spring-boot-autoconfigure/2.5.2/spring-boot-autoconfigure-2.5.2.jar:/Users/chenlinya/.m2/repository/org/springframework/boot/spring-boot-starter-logging/2.5.2/spring-boot-starter-logging-2.5.2.jar:/Users/chenlinya/.m2/repository/ch/qos/logback/logback-classic/1.2.3/logback-classic-1.2.3.jar:/Users/chenlinya/.m2/repository/ch/qos/logback/logback-core/1.2.3/logback-core-1.2.3.jar:/Users/chenlinya/.m2/repository/org/apache/logging/log4j/log4j-to-slf4j/2.14.1/log4j-to-slf4j-2.14.1.jar:/Users/chenlinya/.m2/repository/org/apache/logging/log4j/log4j-api/2.14.1/log4j-api-2.14.1.jar:/Users/chenlinya/.m2/repository/org/slf4j/jul-to-slf4j/1.7.31/jul-to-slf4j-1.7.31.jar:/Users/chenlinya/.m2/repository/jakarta/annotation/jakarta.annotation-api/1.3.5/jakarta.annotation-api-1.3.5.jar:/Users/chenlinya/.m2/repository/org/springframework/spring-core/5.3.8/spring-core-5.3.8.jar:/Users/chenlinya/.m2/repository/org/springframework/spring-jcl/5.3.8/spring-jcl-5.3.8.jar:/Users/chenlinya/.m2/repository/org/yaml/snakeyaml/1.28/snakeyaml-1.28.jar:/Users/chenlinya/.m2/repository/org/springframework/boot/spring-boot-starter-jdbc/2.5.2/spring-boot-starter-jdbc-2.5.2.jar:/Users/chenlinya/.m2/repository/com/zaxxer/HikariCP/4.0.3/HikariCP-4.0.3.jar:/Users/chenlinya/.m2/repository/org/slf4j/slf4j-api/1.7.31/slf4j-api-1.7.31.jar:/Users/chenlinya/.m2/repository/org/springframework/spring-jdbc/5.3.8/spring-jdbc-5.3.8.jar:/Users/chenlinya/.m2/repository/org/springframework/spring-beans/5.3.8/spring-beans-5.3.8.jar:/Users/chenlinya/.m2/repository/org/springframework/spring-tx/5.3.8/spring-tx-5.3.8.jar:/Users/chenlinya/.m2/repository/org/mybatis/spring/boot/mybatis-spring-boot-autoconfigure/1.2.0/mybatis-spring-boot-autoconfigure-1.2.0.jar:/Users/chenlinya/.m2/repository/org/mybatis/mybatis/3.4.2/mybatis-3.4.2.jar:/Users/chenlinya/.m2/repository/org/mybatis/mybatis-spring/1.3.1/mybatis-spring-1.3.1.jar:/Users/chenlinya/.m2/repository/mysql/mysql-connector-java/5.1.39/mysql-connector-java-5.1.39.jar:"/>
    <property name="sun.cpu.endian" value="little"/>
    <property name="user.home" value="/Users/chenlinya"/>
    <property name="user.language" value="zh"/>
    <property name="java.specification.vendor" value="Oracle Corporation"/>
    <property name="java.home" value="/Library/Java/JavaVirtualMachines/jdk1.8.0_171.jdk/Contents/Home/jre"/>
    <property name="basedir" value="/Users/chenlinya/vsCode/footstones/ft-support"/>
    <property name="file.separator" value="/"/>
    <property name="line.separator" value="&#10;"/>
    <property name="java.vm.specification.vendor" value="Oracle Corporation"/>
    <property name="java.specification.name" value="Java Platform API Specification"/>
    <property name="java.awt.graphicsenv" value="sun.awt.CGraphicsEnvironment"/>
    <property name="surefire.real.class.path" value="/Users/chenlinya/vsCode/footstones/ft-support/target/surefire/surefirebooter3160314592618672220.jar"/>
    <property name="sun.boot.class.path" value="/Library/Java/JavaVirtualMachines/jdk1.8.0_171.jdk/Contents/Home/jre/lib/resources.jar:/Library/Java/JavaVirtualMachines/jdk1.8.0_171.jdk/Contents/Home/jre/lib/rt.jar:/Library/Java/JavaVirtualMachines/jdk1.8.0_171.jdk/Contents/Home/jre/lib/sunrsasign.jar:/Library/Java/JavaVirtualMachines/jdk1.8.0_171.jdk/Contents/Home/jre/lib/jsse.jar:/Library/Java/JavaVirtualMachines/jdk1.8.0_171.jdk/Contents/Home/jre/lib/jce.jar:/Library/Java/JavaVirtualMachines/jdk1.8.0_171.jdk/Contents/Home/jre/lib/charsets.jar:/Library/Java/JavaVirtualMachines/jdk1.8.0_171.jdk/Contents/Home/jre/lib/jfr.jar:/Library/Java/JavaVirtualMachines/jdk1.8.0_171.jdk/Contents/Home/jre/classes"/>
    <property name="sun.management.compiler" value="HotSpot 64-Bit Tiered Compilers"/>
    <property name="java.runtime.version" value="1.8.0_171-b11"/>
    <property name="user.name" value="chenlinya"/>
    <property name="path.separator" value=":"/>
    <property name="os.version" value="10.15.7"/>
    <property name="java.endorsed.dirs" value="/Library/Java/JavaVirtualMachines/jdk1.8.0_171.jdk/Contents/Home/jre/lib/endorsed"/>
    <property name="java.runtime.name" value="Java(TM) SE Runtime Environment"/>
    <property name="file.encoding" value="UTF-8"/>
    <property name="java.vm.name" value="Java HotSpot(TM) 64-Bit Server VM"/>
    <property name="localRepository" value="/Users/chenlinya/.m2/repository"/>
    <property name="java.vendor.url.bug" value="http://bugreport.sun.com/bugreport/"/>
    <property name="java.io.tmpdir" value="/var/folders/8x/ptgrhjsx02574skpnm7zq56m0000gn/T/"/>
    <property name="idea.version" value="2018.2.8"/>
    <property name="java.version" value="1.8.0_171"/>
    <property name="user.dir" value="/Users/chenlinya/vsCode/footstones/ft-support"/>
    <property name="os.arch" value="x86_64"/>
    <property name="java.vm.specification.name" value="Java Virtual Machine Specification"/>
    <property name="java.awt.printerjob" value="sun.lwawt.macosx.CPrinterJob"/>
    <property name="sun.os.patch.level" value="unknown"/>
    <property name="java.library.path" value="/Users/chenlinya/Library/Java/Extensions:/Library/Java/Extensions:/Network/Library/Java/Extensions:/System/Library/Java/Extensions:/usr/lib/java:."/>
    <property name="java.vm.info" value="mixed mode"/>
    <property name="java.vendor" value="Oracle Corporation"/>
    <property name="java.vm.version" value="25.171-b11"/>
    <property name="java.ext.dirs" value="/Users/chenlinya/Library/Java/Extensions:/Library/Java/JavaVirtualMachines/jdk1.8.0_171.jdk/Contents/Home/jre/lib/ext:/Library/Java/Extensions:/Network/Library/Java/Extensions:/System/Library/Java/Extensions:/usr/lib/java"/>
    <property name="sun.io.unicode.encoding" value="UnicodeBig"/>
    <property name="java.class.version" value="52.0"/>
  </properties>
  <testcase name="testApp" classname="com.whw.AppTest" time="0.001"/>
</testsuite>